Exception in thread "AWT-EventQueue-0" java.lang.NullPointerException
	at DAO.KhoaHocDAO.select(KhoaHocDAO.java:66)
	at DAO.KhoaHocDAO.select(KhoaHocDAO.java:46)
	at UI.giaodien.tonghopthongke.fillComboBoxKhoaHoc(tonghopthongke.java:60)
	at UI.giaodien.tonghopthongke.<init>(tonghopthongke.java:42)
	at UI.giaodien.quanly.<init>(quanly.java:81)
	at UI.giaodien.ChaoJdialog.openWelcome(ChaoJdialog.java:66)
	at UI.giaodien.ChaoJdialog.checkwwin(ChaoJdialog.java:62)
	at UI.giaodien.ChaoJdialog$1.actionPerformed(ChaoJdialog.java:50)
	at javax.swing.Timer.fireActionPerformed(Unknown Source)
	at javax.swing.Timer$DoPostEvent.run(Unknown Source)
	at java.awt.event.InvocationEvent.dispatch(Unknown Source)
	at java.awt.EventQueue.dispatchEventImpl(Unknown Source)
	at java.awt.EventQueue.access$500(Unknown Source)
	at java.awt.EventQueue$3.run(Unknown Source)
	at java.awt.EventQueue$3.run(Unknown Source)
	at java.security.AccessController.doPrivileged(Native Method)
	at java.security.ProtectionDomain$JavaSecurityAccessImpl.doIntersectionPrivilege(Unknown Source)
	at java.awt.EventQueue.dispatchEvent(Unknown Source)
	at java.awt.EventDispatchThread.pumpOneEventForFilters(Unknown Source)
	at java.awt.EventDispatchThread.pumpEventsForFilter(Unknown Source)
	at java.awt.EventDispatchThread.pumpEventsForHierarchy(Unknown Source)
	at java.awt.EventDispatchThread.pumpEvents(Unknown Source)
	at java.awt.EventDispatchThread.pumpEvents(Unknown Source)
	at java.awt.EventDispatchThread.run(Unknown Source)
